# JRE version: OpenJDK Runtime Environment Temurin-17.0.6+10 (17.0.6+10) (build 17.0.6+10)
# Java VM: OpenJDK 64-Bit Server VM Temurin-17.0.6+10 (17.0.6+10, mixed mode, tiered, compressed oops, compressed class ptrs, parallel gc, windows-amd64)
GC Precious Log:
 CPUs: 4 total, 4 available
 Memory: 8072M
 Large Page Support: Disabled
 NUMA Support: Disabled
 Compressed Oops: Enabled (32-bit)
 Alignments: Space 512K, Generation 512K, Heap 2M
 Heap Min Capacity: 100M
 Heap Initial Capacity: 100M
 Heap Max Capacity: 1G
 Pre-touch: Disabled
 Parallel Workers: 4
Heap:
 PSYoungGen      total 25600K, used 25254K [0x00000000eab00000, 0x00000000ecb00000, 0x0000000100000000)
  eden space 21504K, 99% used [0x00000000eab00000,0x00000000ebfec7e8,0x00000000ec000000)
  from space 4096K, 93% used [0x00000000ec000000,0x00000000ec3bd050,0x00000000ec400000)
  to   space 5632K, 0% used [0x00000000ec580000,0x00000000ec580000,0x00000000ecb00000)
 ParOldGen       total 117248K, used 74890K [0x00000000c0000000, 0x00000000c7280000, 0x00000000eab00000)
  object space 117248K, 63% used [0x00000000c0000000,0x00000000c4922be8,0x00000000c7280000)
 Metaspace       used 65476K, committed 66432K, reserved 1114112K
  class space    used 6784K, committed 7232K, reserved 1048576K
GC Heap History (20 events):
Event: 3604.602 GC heap before
{Heap before GC invocations=33 (full 3):
 PSYoungGen      total 22528K, used 22369K [0x00000000eab00000, 0x00000000ec300000, 0x0000000100000000)
  eden space 22016K, 99% used [0x00000000eab00000,0x00000000ec05c4e0,0x00000000ec080000)
  from space 512K, 96% used [0x00000000ec080000,0x00000000ec0fc010,0x00000000ec100000)
  to   space 1024K, 0% used [0x00000000ec200000,0x00000000ec200000,0x00000000ec300000)
 ParOldGen       total 68608K, used 33351K [0x00000000c0000000, 0x00000000c4300000, 0x00000000eab00000)
  object space 68608K, 48% used [0x00000000c0000000,0x00000000c2091d40,0x00000000c4300000)
 Metaspace       used 60488K, committed 61376K, reserved 1105920K
  class space    used 6340K, committed 6720K, reserved 1048576K
}
Event: 3604.604 GC heap after
{Heap after GC invocations=33 (full 3):
 PSYoungGen      total 22528K, used 160K [0x00000000eab00000, 0x00000000ec280000, 0x0000000100000000)
  eden space 22016K, 0% used [0x00000000eab00000,0x00000000eab00000,0x00000000ec080000)
  from space 512K, 31% used [0x00000000ec200000,0x00000000ec228000,0x00000000ec280000)
  to   space 512K, 0% used [0x00000000ec080000,0x00000000ec080000,0x00000000ec100000)
 ParOldGen       total 68608K, used 33789K [0x00000000c0000000, 0x00000000c4300000, 0x00000000eab00000)
  object space 68608K, 49% used [0x00000000c0000000,0x00000000c20ff7b8,0x00000000c4300000)
 Metaspace       used 60488K, committed 61376K, reserved 1105920K
  class space    used 6340K, committed 6720K, reserved 1048576K
}
Event: 3605.035 GC heap before
{Heap before GC invocations=34 (full 3):
 PSYoungGen      total 22528K, used 22176K [0x00000000eab00000, 0x00000000ec280000, 0x0000000100000000)
  eden space 22016K, 100% used [0x00000000eab00000,0x00000000ec080000,0x00000000ec080000)
  from space 512K, 31% used [0x00000000ec200000,0x00000000ec228000,0x00000000ec280000)
  to   space 512K, 0% used [0x00000000ec080000,0x00000000ec080000,0x00000000ec100000)
 ParOldGen       total 68608K, used 33789K [0x00000000c0000000, 0x00000000c4300000, 0x00000000eab00000)
  object space 68608K, 49% used [0x00000000c0000000,0x00000000c20ff7b8,0x00000000c4300000)
 Metaspace       used 61546K, committed 62464K, reserved 1105920K
  class space    used 6421K, committed 6848K, reserved 1048576K
}
Event: 3605.038 GC heap after
{Heap after GC invocations=34 (full 3):
 PSYoungGen      total 22528K, used 508K [0x00000000eab00000, 0x00000000ec880000, 0x0000000100000000)
  eden space 22016K, 0% used [0x00000000eab00000,0x00000000eab00000,0x00000000ec080000)
  from space 512K, 99% used [0x00000000ec080000,0x00000000ec0ff108,0x00000000ec100000)
  to   space 4096K, 0% used [0x00000000ec480000,0x00000000ec480000,0x00000000ec880000)
 ParOldGen       total 68608K, used 36650K [0x00000000c0000000, 0x00000000c4300000, 0x00000000eab00000)
  object space 68608K, 53% used [0x00000000c0000000,0x00000000c23caa00,0x00000000c4300000)
 Metaspace       used 61546K, committed 62464K, reserved 1105920K
  class space    used 6421K, committed 6848K, reserved 1048576K
}
Event: 3605.918 GC heap before
{Heap before GC invocations=35 (full 3):
 PSYoungGen      total 22528K, used 22440K [0x00000000eab00000, 0x00000000ec880000, 0x0000000100000000)
  eden space 22016K, 99% used [0x00000000eab00000,0x00000000ec06b0c8,0x00000000ec080000)
  from space 512K, 99% used [0x00000000ec080000,0x00000000ec0ff108,0x00000000ec100000)
  to   space 4096K, 0% used [0x00000000ec480000,0x00000000ec480000,0x00000000ec880000)
 ParOldGen       total 68608K, used 36650K [0x00000000c0000000, 0x00000000c4300000, 0x00000000eab00000)
  object space 68608K, 53% used [0x00000000c0000000,0x00000000c23caa00,0x00000000c4300000)
 Metaspace       used 62892K, committed 63872K, reserved 1114112K
  class space    used 6521K, committed 6976K, reserved 1048576K
}
Event: 3605.923 GC heap after
{Heap after GC invocations=35 (full 3):
 PSYoungGen      total 24064K, used 2039K [0x00000000eab00000, 0x00000000ec680000, 0x0000000100000000)
  eden space 22016K, 0% used [0x00000000eab00000,0x00000000eab00000,0x00000000ec080000)
  from space 2048K, 99% used [0x00000000ec480000,0x00000000ec67df38,0x00000000ec680000)
  to   space 2560K, 0% used [0x00000000ec180000,0x00000000ec180000,0x00000000ec400000)
 ParOldGen       total 68608K, used 37043K [0x00000000c0000000, 0x00000000c4300000, 0x00000000eab00000)
  object space 68608K, 53% used [0x00000000c0000000,0x00000000c242cc70,0x00000000c4300000)
 Metaspace       used 62892K, committed 63872K, reserved 1114112K
  class space    used 6521K, committed 6976K, reserved 1048576K
}
Event: 3606.450 GC heap before
{Heap before GC invocations=36 (full 3):
 PSYoungGen      total 24064K, used 23803K [0x00000000eab00000, 0x00000000ec680000, 0x0000000100000000)
  eden space 22016K, 98% used [0x00000000eab00000,0x00000000ec040fe8,0x00000000ec080000)
  from space 2048K, 99% used [0x00000000ec480000,0x00000000ec67df38,0x00000000ec680000)
  to   space 2560K, 0% used [0x00000000ec180000,0x00000000ec180000,0x00000000ec400000)
 ParOldGen       total 68608K, used 37043K [0x00000000c0000000, 0x00000000c4300000, 0x00000000eab00000)
  object space 68608K, 53% used [0x00000000c0000000,0x00000000c242cc70,0x00000000c4300000)
 Metaspace       used 63698K, committed 64704K, reserved 1114112K
  class space    used 6619K, committed 7040K, reserved 1048576K
}
Event: 3606.459 GC heap after
{Heap after GC invocations=36 (full 3):
 PSYoungGen      total 24064K, used 1801K [0x00000000eab00000, 0x00000000ec500000, 0x0000000100000000)
  eden space 22016K, 0% used [0x00000000eab00000,0x00000000eab00000,0x00000000ec080000)
  from space 2048K, 87% used [0x00000000ec180000,0x00000000ec342780,0x00000000ec380000)
  to   space 1536K, 0% used [0x00000000ec380000,0x00000000ec380000,0x00000000ec500000)
 ParOldGen       total 68608K, used 47937K [0x00000000c0000000, 0x00000000c4300000, 0x00000000eab00000)
  object space 68608K, 69% used [0x00000000c0000000,0x00000000c2ed04a8,0x00000000c4300000)
 Metaspace       used 63698K, committed 64704K, reserved 1114112K
  class space    used 6619K, committed 7040K, reserved 1048576K
}
Event: 3606.785 GC heap before
{Heap before GC invocations=37 (full 4):
 PSYoungGen      total 24064K, used 23817K [0x00000000eab00000, 0x00000000ec500000, 0x0000000100000000)
  eden space 22016K, 100% used [0x00000000eab00000,0x00000000ec080000,0x00000000ec080000)
  from space 2048K, 87% used [0x00000000ec180000,0x00000000ec342780,0x00000000ec380000)
  to   space 1536K, 0% used [0x00000000ec380000,0x00000000ec380000,0x00000000ec500000)
 ParOldGen       total 79872K, used 74266K [0x00000000c0000000, 0x00000000c4e00000, 0x00000000eab00000)
  object space 79872K, 92% used [0x00000000c0000000,0x00000000c4886a58,0x00000000c4e00000)
 Metaspace       used 63732K, committed 64768K, reserved 1114112K
  class space    used 6621K, committed 7040K, reserved 1048576K
}
Event: 3606.861 GC heap after
{Heap after GC invocations=37 (full 4):
 PSYoungGen      total 23040K, used 0K [0x00000000eab00000, 0x00000000ec480000, 0x0000000100000000)
  eden space 22016K, 0% used [0x00000000eab00000,0x00000000eab00000,0x00000000ec080000)
  from space 1024K, 0% used [0x00000000ec380000,0x00000000ec380000,0x00000000ec480000)
  to   space 2048K, 0% used [0x00000000ec080000,0x00000000ec080000,0x00000000ec280000)
 ParOldGen       total 88576K, used 50279K [0x00000000c0000000, 0x00000000c5680000, 0x00000000eab00000)
  object space 88576K, 56% used [0x00000000c0000000,0x00000000c3119ec8,0x00000000c5680000)
 Metaspace       used 63732K, committed 64768K, reserved 1114112K
  class space    used 6621K, committed 7040K, reserved 1048576K
}
Event: 3607.039 GC heap before
{Heap before GC invocations=38 (full 4):
 PSYoungGen      total 23040K, used 22016K [0x00000000eab00000, 0x00000000ec480000, 0x0000000100000000)
  eden space 22016K, 100% used [0x00000000eab00000,0x00000000ec080000,0x00000000ec080000)
  from space 1024K, 0% used [0x00000000ec380000,0x00000000ec380000,0x00000000ec480000)
  to   space 2048K, 0% used [0x00000000ec080000,0x00000000ec080000,0x00000000ec280000)
 ParOldGen       total 88576K, used 50279K [0x00000000c0000000, 0x00000000c5680000, 0x00000000eab00000)
  object space 88576K, 56% used [0x00000000c0000000,0x00000000c3119ec8,0x00000000c5680000)
 Metaspace       used 63732K, committed 64768K, reserved 1114112K
  class space    used 6621K, committed 7040K, reserved 1048576K
}
Event: 3607.056 GC heap after
{Heap after GC invocations=38 (full 4):
 PSYoungGen      total 23552K, used 2048K [0x00000000eab00000, 0x00000000ee300000, 0x0000000100000000)
  eden space 21504K, 0% used [0x00000000eab00000,0x00000000eab00000,0x00000000ec000000)
  from space 2048K, 100% used [0x00000000ec080000,0x00000000ec280000,0x00000000ec280000)
  to   space 17920K, 0% used [0x00000000ed180000,0x00000000ed180000,0x00000000ee300000)
 ParOldGen       total 88576K, used 63775K [0x00000000c0000000, 0x00000000c5680000, 0x00000000eab00000)
  object space 88576K, 72% used [0x00000000c0000000,0x00000000c3e47ec8,0x00000000c5680000)
 Metaspace       used 63732K, committed 64768K, reserved 1114112K
  class space    used 6621K, committed 7040K, reserved 1048576K
}
Event: 3607.215 GC heap before
{Heap before GC invocations=39 (full 4):
 PSYoungGen      total 23552K, used 23552K [0x00000000eab00000, 0x00000000ee300000, 0x0000000100000000)
  eden space 21504K, 100% used [0x00000000eab00000,0x00000000ec000000,0x00000000ec000000)
  from space 2048K, 100% used [0x00000000ec080000,0x00000000ec280000,0x00000000ec280000)
  to   space 17920K, 0% used [0x00000000ed180000,0x00000000ed180000,0x00000000ee300000)
 ParOldGen       total 88576K, used 63775K [0x00000000c0000000, 0x00000000c5680000, 0x00000000eab00000)
  object space 88576K, 72% used [0x00000000c0000000,0x00000000c3e47ec8,0x00000000c5680000)
 Metaspace       used 63732K, committed 64768K, reserved 1114112K
  class space    used 6621K, committed 7040K, reserved 1048576K
}
Event: 3607.232 GC heap after
{Heap after GC invocations=39 (full 4):
 PSYoungGen      total 36864K, used 15200K [0x00000000eab00000, 0x00000000ee080000, 0x0000000100000000)
  eden space 21504K, 0% used [0x00000000eab00000,0x00000000eab00000,0x00000000ec000000)
  from space 15360K, 98% used [0x00000000ed180000,0x00000000ee058000,0x00000000ee080000)
  to   space 15872K, 0% used [0x00000000ec180000,0x00000000ec180000,0x00000000ed100000)
 ParOldGen       total 88576K, used 65847K [0x00000000c0000000, 0x00000000c5680000, 0x00000000eab00000)
  object space 88576K, 74% used [0x00000000c0000000,0x00000000c404dec8,0x00000000c5680000)
 Metaspace       used 63732K, committed 64768K, reserved 1114112K
  class space    used 6621K, committed 7040K, reserved 1048576K
}
Event: 3643.881 GC heap before
{Heap before GC invocations=40 (full 4):
 PSYoungGen      total 36864K, used 36704K [0x00000000eab00000, 0x00000000ee080000, 0x0000000100000000)
  eden space 21504K, 100% used [0x00000000eab00000,0x00000000ec000000,0x00000000ec000000)
  from space 15360K, 98% used [0x00000000ed180000,0x00000000ee058000,0x00000000ee080000)
  to   space 15872K, 0% used [0x00000000ec180000,0x00000000ec180000,0x00000000ed100000)
 ParOldGen       total 88576K, used 65847K [0x00000000c0000000, 0x00000000c5680000, 0x00000000eab00000)
  object space 88576K, 74% used [0x00000000c0000000,0x00000000c404dec8,0x00000000c5680000)
 Metaspace       used 64323K, committed 65344K, reserved 1114112K
  class space    used 6704K, committed 7168K, reserved 1048576K
}
Event: 3643.901 GC heap after
{Heap after GC invocations=40 (full 4):
 PSYoungGen      total 28160K, used 6483K [0x00000000eab00000, 0x00000000ed400000, 0x0000000100000000)
  eden space 21504K, 0% used [0x00000000eab00000,0x00000000eab00000,0x00000000ec000000)
  from space 6656K, 97% used [0x00000000ec180000,0x00000000ec7d4f80,0x00000000ec800000)
  to   space 10240K, 0% used [0x00000000eca00000,0x00000000eca00000,0x00000000ed400000)
 ParOldGen       total 88576K, used 80999K [0x00000000c0000000, 0x00000000c5680000, 0x00000000eab00000)
  object space 88576K, 91% used [0x00000000c0000000,0x00000000c4f19ec8,0x00000000c5680000)
 Metaspace       used 64323K, committed 65344K, reserved 1114112K
  class space    used 6704K, committed 7168K, reserved 1048576K
}
Event: 3643.901 GC heap before
{Heap before GC invocations=41 (full 5):
 PSYoungGen      total 28160K, used 6483K [0x00000000eab00000, 0x00000000ed400000, 0x0000000100000000)
  eden space 21504K, 0% used [0x00000000eab00000,0x00000000eab00000,0x00000000ec000000)
  from space 6656K, 97% used [0x00000000ec180000,0x00000000ec7d4f80,0x00000000ec800000)
  to   space 10240K, 0% used [0x00000000eca00000,0x00000000eca00000,0x00000000ed400000)
 ParOldGen       total 88576K, used 80999K [0x00000000c0000000, 0x00000000c5680000, 0x00000000eab00000)
  object space 88576K, 91% used [0x00000000c0000000,0x00000000c4f19ec8,0x00000000c5680000)
 Metaspace       used 64323K, committed 65344K, reserved 1114112K
  class space    used 6704K, committed 7168K, reserved 1048576K
}
Event: 3644.035 GC heap after
{Heap after GC invocations=41 (full 5):
 PSYoungGen      total 31744K, used 0K [0x00000000eab00000, 0x00000000ed400000, 0x0000000100000000)
  eden space 21504K, 0% used [0x00000000eab00000,0x00000000eab00000,0x00000000ec000000)
  from space 10240K, 0% used [0x00000000eca00000,0x00000000eca00000,0x00000000ed400000)
  to   space 10240K, 0% used [0x00000000ec000000,0x00000000ec000000,0x00000000eca00000)
 ParOldGen       total 117248K, used 74882K [0x00000000c0000000, 0x00000000c7280000, 0x00000000eab00000)
  object space 117248K, 63% used [0x00000000c0000000,0x00000000c4920be8,0x00000000c7280000)
 Metaspace       used 64323K, committed 65344K, reserved 1114112K
  class space    used 6704K, committed 7168K, reserved 1048576K
}
Event: 3751.467 GC heap before
{Heap before GC invocations=42 (full 5):
 PSYoungGen      total 31744K, used 21504K [0x00000000eab00000, 0x00000000ed400000, 0x0000000100000000)
  eden space 21504K, 100% used [0x00000000eab00000,0x00000000ec000000,0x00000000ec000000)
  from space 10240K, 0% used [0x00000000eca00000,0x00000000eca00000,0x00000000ed400000)
  to   space 10240K, 0% used [0x00000000ec000000,0x00000000ec000000,0x00000000eca00000)
 ParOldGen       total 117248K, used 74882K [0x00000000c0000000, 0x00000000c7280000, 0x00000000eab00000)
  object space 117248K, 63% used [0x00000000c0000000,0x00000000c4920be8,0x00000000c7280000)
 Metaspace       used 65131K, committed 66176K, reserved 1114112K
  class space    used 6782K, committed 7232K, reserved 1048576K
}
Event: 3751.472 GC heap after
{Heap after GC invocations=42 (full 5):
 PSYoungGen      total 25600K, used 3828K [0x00000000eab00000, 0x00000000ecb00000, 0x0000000100000000)
  eden space 21504K, 0% used [0x00000000eab00000,0x00000000eab00000,0x00000000ec000000)
  from space 4096K, 93% used [0x00000000ec000000,0x00000000ec3bd050,0x00000000ec400000)
  to   space 5632K, 0% used [0x00000000ec580000,0x00000000ec580000,0x00000000ecb00000)
 ParOldGen       total 117248K, used 74890K [0x00000000c0000000, 0x00000000c7280000, 0x00000000eab00000)
  object space 117248K, 63% used [0x00000000c0000000,0x00000000c4922be8,0x00000000c7280000)
 Metaspace       used 65131K, committed 66176K, reserved 1114112K
  class space    used 6782K, committed 7232K, reserved 1048576K
}

